<?xml version="1.0" encoding="UTF-8"?>
<!-- Generated by org.testng.reporters.JUnitReportReporter -->
<testsuite hostname="DESKTOP-R2J7S22" failures="0" tests="1" name="com.ig.TestLayer.LoginPageTest" time="84.673" errors="0" timestamp="2023-02-11T16:06:56 IST" skipped="0">
  <testcase classname="com.ig.TestLayer.LoginPageTest" name="verifyLoginPage" time="84.673"/>
  <system-out/>
</testsuite> <!-- com.ig.TestLayer.LoginPageTest -->
